#
# There is insufficient memory for the Java Runtime Environment to continue.
# Native memory allocation (malloc) failed to allocate 1048576 bytes for AllocateHeap
# Possible reasons:
#   The system is out of physical RAM or swap space
#   The process is running with CompressedOops enabled, and the Java Heap may be blocking the growth of the native heap
# Possible solutions:
#   Reduce memory load on the system
#   Increase physical memory or swap space
#   Check if swap backing store is full
#   Decrease Java heap size (-Xmx/-Xms)
#   Decrease number of Java threads
#   Decrease Java thread stack sizes (-Xss)
#   Set larger code cache with -XX:ReservedCodeCacheSize=
#   JVM is running with Unscaled Compressed Oops mode in which the Java heap is
#     placed in the first 4GB address space. The Java Heap base address is the
#     maximum limit for the native heap growth. Please use -XX:HeapBaseMinAddress
#     to set the Java Heap base and to place the Java Heap above 4GB virtual address.
# This output file may be truncated or incomplete.
#
#  Out of Memory Error (memory/allocation.inline.hpp:61), pid=3716, tid=0x00000000000008bc
#
# JRE version:  (8.0_211-b12) (build )
# Java VM: Java HotSpot(TM) 64-Bit Server VM (25.211-b12 mixed mode windows-amd64 compressed oops)
# Failed to write core dump. Minidumps are not enabled by default on client versions of Windows
#

---------------  T H R E A D  ---------------

Current thread (0x00000000024e3000):  JavaThread "Unknown thread" [_thread_in_vm, id=2236, stack(0x00000000023a0000,0x00000000024a0000)]

Stack: [0x00000000023a0000,0x00000000024a0000]
[error occurred during error reporting (printing stack bounds), id 0xc0000005]

Native frames: (J=compiled Java code, j=interpreted, Vv=VM code, C=native code)


---------------  P R O C E S S  ---------------

Java Threads: ( => current thread )

Other Threads:

=>0x00000000024e3000 (exited) JavaThread "Unknown thread" [_thread_in_vm, id=2236, stack(0x00000000023a0000,0x00000000024a0000)]

VM state:not at safepoint (normal execution)

VM Mutex/Monitor currently owned by a thread: None

heap address: 0x00000000fc000000, size: 64 MB, Compressed Oops mode: 32-bit
Narrow klass base: 0x0000000000000000, Narrow klass shift: 3
Compressed class space size: 1073741824 Address: 0x0000000100000000

Heap:
 PSYoungGen      total 18944K, used 327K [0x00000000feb00000, 0x0000000100000000, 0x0000000100000000)
  eden space 16384K, 2% used [0x00000000feb00000,0x00000000feb51ec8,0x00000000ffb00000)
  from space 2560K, 0% used [0x00000000ffd80000,0x00000000ffd80000,0x0000000100000000)
  to   space 2560K, 0% used [0x00000000ffb00000,0x00000000ffb00000,0x00000000ffd80000)
 ParOldGen       total 44032K, used 0K [0x00000000fc000000, 0x00000000feb00000, 0x00000000feb00000)
  object space 44032K, 0% used [0x00000000fc000000,0x00000000fc000000,0x00000000feb00000)
 Metaspace       used 775K, capacity 4480K, committed 4480K, reserved 1056768K
  class space    used 76K, capacity 384K, committed 384K, reserved 1048576K

Card table byte_map: [0x00000000119a0000,0x00000000119d0000] byte_map_base: 0x00000000111c0000

Marking Bits: (ParMarkBitMap*) 0x0000000074025ce0
 Begin Bits: [0x0000000011df0000, 0x0000000011ef0000)
 End Bits:   [0x0000000011ef0000, 0x0000000011ff0000)

Polling page: 0x0000000002340000

CodeCache: size=245760Kb used=328Kb max_used=328Kb free=245431Kb
 bounds [0x00000000025e0000, 0x0000000002850000, 0x00000000115e0000]
 total_blobs=58 nmethods=0 adapters=38
 compilation: enabled

Compilation events (0 events):
No events

GC Heap History (0 events):
No events

Deoptimization events (0 events):
No events

Classes redefined (0 events):
No events

Internal exceptions (0 events):
No events

Events (10 events):
Event: 0.023 loading class java/lang/Short
Event: 0.023 loading class java/lang/Short done
Event: 0.023 loading class java/lang/Integer
Event: 0.023 loading class java/lang/Integer done
Event: 0.023 loading class java/lang/Long
Event: 0.023 loading class java/lang/Long done
Event: 0.024 loading class java/lang/NullPointerException
Event: 0.024 loading class java/lang/NullPointerException done
Event: 0.024 loading class java/lang/ArithmeticException
Event: 0.024 loading class java/lang/ArithmeticException done


Dynamic libraries:
0x00007ff6a6050000 - 0x00007ff6a6087000 	C:\Program Files\Java\jdk1.8.0_211\bin\java.exe
0x00007ff806db0000 - 0x00007ff806fa4000 	C:\WINDOWS\SYSTEM32\ntdll.dll
0x00007ff8064c0000 - 0x00007ff80657d000 	C:\WINDOWS\System32\KERNEL32.DLL
0x00007ff804b50000 - 0x00007ff804e17000 	C:\WINDOWS\System32\KERNELBASE.dll
0x00007ff805a40000 - 0x00007ff805aea000 	C:\WINDOWS\System32\ADVAPI32.dll
0x00007ff8060b0000 - 0x00007ff80614e000 	C:\WINDOWS\System32\msvcrt.dll
0x00007ff806cd0000 - 0x00007ff806d6b000 	C:\WINDOWS\System32\sechost.dll
0x00007ff805dc0000 - 0x00007ff805ee3000 	C:\WINDOWS\System32\RPCRT4.dll
0x00007ff805af0000 - 0x00007ff805c90000 	C:\WINDOWS\System32\USER32.dll
0x00007ff804950000 - 0x00007ff804972000 	C:\WINDOWS\System32\win32u.dll
0x00007ff806150000 - 0x00007ff80617a000 	C:\WINDOWS\System32\GDI32.dll
0x00007ff804840000 - 0x00007ff80494a000 	C:\WINDOWS\System32\gdi32full.dll
0x00007ff804a00000 - 0x00007ff804a9d000 	C:\WINDOWS\System32\msvcp_win.dll
0x00007ff8046e0000 - 0x00007ff8047e0000 	C:\WINDOWS\System32\ucrtbase.dll
0x00007fffe7530000 - 0x00007fffe77ca000 	C:\WINDOWS\WinSxS\amd64_microsoft.windows.common-controls_6595b64144ccf1df_6.0.19041.1_none_b555e41d4684ddec\COMCTL32.dll
0x00007ff804e20000 - 0x00007ff804e50000 	C:\WINDOWS\System32\IMM32.DLL
0x00000000740b0000 - 0x0000000074182000 	C:\Program Files\Java\jdk1.8.0_211\jre\bin\msvcr100.dll
0x0000000073800000 - 0x00000000740a5000 	C:\Program Files\Java\jdk1.8.0_211\jre\bin\server\jvm.dll
0x00007ff804e50000 - 0x00007ff804e58000 	C:\WINDOWS\System32\PSAPI.DLL
0x00007ffffc9c0000 - 0x00007ffffc9c9000 	C:\WINDOWS\SYSTEM32\WSOCK32.dll
0x00007ffff9420000 - 0x00007ffff9447000 	C:\WINDOWS\SYSTEM32\WINMM.dll
0x00007ff8061e0000 - 0x00007ff80624b000 	C:\WINDOWS\System32\WS2_32.dll
0x00007ffffb410000 - 0x00007ffffb41a000 	C:\WINDOWS\SYSTEM32\VERSION.dll
0x00007ffff5290000 - 0x00007ffff529f000 	C:\Program Files\Java\jdk1.8.0_211\jre\bin\verify.dll
0x00007ffff5260000 - 0x00007ffff5289000 	C:\Program Files\Java\jdk1.8.0_211\jre\bin\java.dll
0x00007ffff13e0000 - 0x00007ffff13f6000 	C:\Program Files\Java\jdk1.8.0_211\jre\bin\zip.dll

VM Arguments:
jvm_args: -Xmx64m -Xms64m -Dorg.gradle.appname=gradlew 
java_command: org.gradle.wrapper.GradleWrapperMain app:installDebug -PreactNativeDevServerPort=8081
java_class_path (initial): C:\Users\debor\Documents\altside\mobile\android\\gradle\wrapper\gradle-wrapper.jar
Launcher Type: SUN_STANDARD

Environment Variables:
JAVA_HOME=C:\Program Files\Java\jdk1.8.0_211
CLASSPATH=C:\Users\debor\Documents\altside\mobile\android\\gradle\wrapper\gradle-wrapper.jar
PATH=C:\Users\debor\Documents\altside\mobile\android\node_modules\.bin;C:\Users\debor\Documents\altside\mobile\node_modules\.bin;C:\Users\debor\Documents\altside\node_modules\.bin;C:\Users\debor\Documents\node_modules\.bin;C:\Users\debor\node_modules\.bin;C:\Users\node_modules\.bin;C:\node_modules\.bin;C:\Program Files\nodejs;C:\Users\debor\AppData\Local\Temp\yarn--1596655997464-0.7670044448255218;C:\Users\debor\Documents\altside\mobile\node_modules\.bin;C:\Users\debor\AppData\Local\Yarn\Data\link\node_modules\.bin;C:\Program Files\libexec\lib\node_modules\npm\bin\node-gyp-bin;C:\Program Files\lib\node_modules\npm\bin\node-gyp-bin;C:\Program Files\nodejs\node_modules\npm\bin\node-gyp-bin;C:\Python27\;C:\Python27\Scripts;C:\Program Files (x86)\Common Files\Oracle\Java\javapath;C:\WINDOWS\system32;C:\WINDOWS;C:\WINDOWS\System32\Wbem;C:\WINDOWS\System32\WindowsPowerShell\v1.0\;C:\Program Files\nodejs\;C:\ProgramData\chocolatey\bin;C:\Program Files (x86)\Yarn\bin\;C:\WINDOWS\System32\OpenSSH\;C:\Program Files\Java\jdk1.8.0_211\bin;C:\Program Files\Git\cmd;C:\Program Files\Java\jdk1.8.0_211\bin;;C:\Program Files\Docker\Docker\resources\bin;C:\ProgramData\DockerDesktop\version-bin;C:\Users\debor\AppData\Local\Microsoft\WindowsApps;C:\Users\debor\AppData\Local\Programs\Microsoft VS Code\bin;C:\Users\debor\codenation;C:\Program Files\JetBrains\IntelliJ IDEA Community Edition 2020.1\bin;;C:\Users\debor\AppData\Roaming\npm;C:\Users\debor\AppData\Roaming\npm\bin;C:\Users\debor\AppData\Local\Android\sdk\platform-tools;C:\Users\debor\AppData\Local\Android\sdk\tools;C:\Users\debor\AppData\Local\Android\sdk\tools\bin\sdkmanager;
USERNAME=debor
OS=Windows_NT
PROCESSOR_IDENTIFIER=Intel64 Family 6 Model 60 Stepping 3, GenuineIntel



---------------  S Y S T E M  ---------------

OS: Windows 10.0 , 64 bit Build 19041 (10.0.19041.292)

CPU:total 4 (initial active 4) (4 cores per cpu, 1 threads per core) family 6 model 60 stepping 3, cmov, cx8, fxsr, mmx, sse, sse2, sse3, ssse3, sse4.1, sse4.2, popcnt, avx, avx2, aes, clmul, erms, lzcnt, tsc, tscinvbit, bmi1, bmi2

Memory: 4k page, physical 16713760k(5127368k free), swap 16713760k(5968k free)

vm_info: Java HotSpot(TM) 64-Bit Server VM (25.211-b12) for windows-amd64 JRE (1.8.0_211-b12), built on Apr  1 2019 20:53:26 by "java_re" with MS VC++ 10.0 (VS2010)

time: Wed Aug 05 16:33:28 2020
timezone: Hora oficial do Brasil
elapsed time: 0 seconds (0d 0h 0m 0s)

